<?xml version="1.0" encoding="UTF-8"?>
<testng-results ignored="0" total="1" passed="1" failed="0" skipped="0">
  <reporter-output>
  </reporter-output>
  <suite started-at="2024-09-05T16:05:27 IST" name="Default suite" finished-at="2024-09-05T16:05:42 IST" duration-ms="15435">
    <groups>
      <group name="cucumber">
        <method signature="AbstractTestNGCucumberTests.runScenario(io.cucumber.testng.PickleWrapper,io.cucumber.testng.FeatureWrapper)[pri:0, instance:com.automation.runner.TestRunner@6771beb3]" name="runScenario" class="io.cucumber.testng.AbstractTestNGCucumberTests"/>
      </group> <!-- cucumber -->
    </groups>
    <test started-at="2024-09-05T16:05:27 IST" name="Default test" finished-at="2024-09-05T16:05:42 IST" duration-ms="15435">
      <class name="com.automation.runner.TestRunner">
        <test-method is-config="true" signature="setUpClass(org.testng.ITestContext)[pri:0, instance:com.automation.runner.TestRunner@6771beb3]" started-at="2024-09-05T16:05:27 IST" name="setUpClass" finished-at="2024-09-05T16:05:28 IST" duration-ms="996" status="PASS">
          <params>
            <param index="0">
              <value>
                <![CDATA[org.testng.TestRunner@210d2a6c]]>
              </value>
            </param>
          </params>
          <reporter-output>
          </reporter-output>
        </test-method> <!-- setUpClass -->
        <test-method signature="runScenario(io.cucumber.testng.PickleWrapper,io.cucumber.testng.FeatureWrapper)[pri:0, instance:com.automation.runner.TestRunner@6771beb3]" started-at="2024-09-05T16:05:28 IST" name="runScenario" description="Runs Cucumber Scenarios" data-provider="scenarios" finished-at="2024-09-05T16:05:40 IST" duration-ms="12406" status="PASS">
          <params>
            <param index="0">
              <value>
                <![CDATA["Login user with correct username and password"]]>
              </value>
            </param>
            <param index="1">
              <value>
                <![CDATA["Login page functionality"]]>
              </value>
            </param>
          </params>
          <reporter-output>
          </reporter-output>
        </test-method> <!-- runScenario -->
        <test-method is-config="true" signature="tearDownClass()[pri:0, instance:com.automation.runner.TestRunner@6771beb3]" started-at="2024-09-05T16:05:40 IST" name="tearDownClass" finished-at="2024-09-05T16:05:42 IST" duration-ms="1977" status="PASS">
          <reporter-output>
          </reporter-output>
        </test-method> <!-- tearDownClass -->
      </class> <!-- com.automation.runner.TestRunner -->
    </test> <!-- Default test -->
  </suite> <!-- Default suite -->
</testng-results>
